{"level":"info","time":"2024-06-17T15:11:56.023+0530","caller":"cmd/lt.go:207","msg":"LambdaTest Tunnel version: 3.1.31"}
{"level":"debug","time":"2024-06-17T15:11:56.024+0530","caller":"core/lifecycle.go:41","msg":"Starting pipeline....."}
{"level":"debug","time":"2024-06-17T15:11:56.025+0530","caller":"core/lifecycle.go:42","msg":"OS: windows, Arch: amd64"}
{"level":"debug","time":"2024-06-17T15:11:56.025+0530","caller":"core/lifecycle.go:43","msg":"Fetching config"}
{"level":"debug","time":"2024-06-17T15:11:56.025+0530","caller":"core/lifecycle.go:65","msg":"Starting tunnel With flags: --user sreenadhb --key ***** --controller npm --infoAPIPort 50074 --tunnelName LT-LP-22550074 --logFile LT-LP-22550074.log --port 50075"}
{"level":"debug","time":"2024-06-17T15:11:56.787+0530","caller":"core/lifecycle.go:83","msg":"Remote config fetched"}
{"level":"debug","time":"2024-06-17T15:11:56.873+0530","caller":"apiserver/setup.go:166","msg":"Starting API server"}
{"level":"debug","time":"2024-06-17T15:11:56.873+0530","caller":"networkscanner/setup.go:69","msg":"Trying on port 22"}
{"level":"debug","time":"2024-06-17T15:11:56.873+0530","caller":"apiserver/setup.go:148","msg":"Starting API server for tunnel info on port: 50074"}
{"level":"debug","time":"2024-06-17T15:11:56.873+0530","caller":"networkscanner/setup.go:137","msg":"Trying over ssh over ws"}
{"level":"debug","time":"2024-06-17T15:11:56.874+0530","caller":"networkscanner/setup.go:191","msg":"Trying on port 443"}
{"level":"debug","time":"2024-06-17T15:11:56.874+0530","caller":"networkscanner/setup.go:103","msg":"Trying on port 443"}
{"level":"debug","time":"2024-06-17T15:11:56.873+0530","caller":"custom/setup.go:861","msg":"Starting sink proxy"}
{"level":"info","time":"2024-06-17T15:11:56.876+0530","caller":"custom/setup.go:804","msg":"Tunnel binary started on port :50075"}
{"level":"debug","time":"2024-06-17T15:11:56.972+0530","caller":"networkscanner/setup.go:207","msg":"TCP connection was successful"}
{"level":"debug","time":"2024-06-17T15:11:57.680+0530","caller":"networkscanner/setup.go:154","msg":"WSS connection was successful"}
{"level":"debug","time":"2024-06-17T15:11:58.346+0530","caller":"networkscanner/setup.go:90","msg":"SSH connection over port 22 successful"}
{"level":"debug","time":"2024-06-17T15:12:01.302+0530","caller":"networkscanner/setup.go:124","msg":"SSH connection over port 443 successful"}
{"level":"debug","time":"2024-06-17T15:12:01.878+0530","caller":"networkscanner/setup.go:179","msg":"SSH connection over ws successful"}
{"level":"info","time":"2024-06-17T15:12:01.878+0530","caller":"core/lifecycle.go:122","msg":"Using ssh(over_22) :: connection mode"}
{"level":"info","time":"2024-06-17T15:12:01.878+0530","caller":"core/lifecycle.go:272","msg":"Launching tunnel"}
{"level":"debug","time":"2024-06-17T15:12:01.879+0530","caller":"ws/control.go:34","msg":"Starting control ws connection at wss://ts.lambdatest.com/monitor"}
{"level":"debug","time":"2024-06-17T15:12:03.436+0530","caller":"ws/control.go:72","msg":"Control ws channel opened"}
{"level":"debug","time":"2024-06-17T15:12:03.437+0530","caller":"ws/control.go:131","msg":"Starting message listener on control connection"}
{"level":"debug","time":"2024-06-17T15:12:03.936+0530","caller":"tunnelmanager/controller.go:149","msg":"otel disabled"}
{"level":"debug","time":"2024-06-17T15:12:03.936+0530","caller":"core/lifecycle.go:371","msg":"Sending tunnel registered message to channels"}
{"level":"debug","time":"2024-06-17T15:12:03.936+0530","caller":"ssh/setup.go:71","msg":"Using 5 ssh connection"}
{"level":"debug","time":"2024-06-17T15:12:03.936+0530","caller":"ws/control.go:196","msg":"Tunnel registered message received on control channel"}
{"level":"debug","time":"2024-06-17T15:12:03.936+0530","caller":"ws/control.go:200","msg":"controller bus registered"}
{"level":"debug","time":"2024-06-17T15:12:05.340+0530","caller":"ssh/ssh.go:216","msg":"Successfully started sshd listener on port: 25289"}
{"level":"debug","time":"2024-06-17T15:12:05.348+0530","caller":"ssh/ssh.go:216","msg":"Successfully started sshd listener on port: 31451"}
{"level":"debug","time":"2024-06-17T15:12:05.348+0530","caller":"ssh/ssh.go:216","msg":"Successfully started sshd listener on port: 1114"}
{"level":"info","time":"2024-06-17T15:12:05.348+0530","caller":"core/lifecycle.go:394","msg":"You can start testing now"}
{"level":"info","time":"2024-06-17T15:12:05.348+0530","caller":"core/lifecycle.go:395","msg":"Tunnel ID: 1467479"}
{"level":"debug","time":"2024-06-17T15:12:05.348+0530","caller":"core/lifecycle.go:396","msg":"Remote Listener Started on Port 13843"}
{"level":"debug","time":"2024-06-17T15:12:05.529+0530","caller":"ssh/ssh.go:216","msg":"Successfully started sshd listener on port: 30483"}
{"level":"debug","time":"2024-06-17T15:12:05.534+0530","caller":"ssh/ssh.go:216","msg":"Successfully started sshd listener on port: 18522"}
{"level":"debug","time":"2024-06-17T15:12:11.690+0530","caller":"custom/setup.go:549","msg":"handling connect request for URL https://accounts.google.com:443","tunnelID":"1467479","requestID":1}
{"level":"debug","time":"2024-06-17T15:12:14.331+0530","caller":"custom/setup.go:549","msg":"handling connect request for URL https://lambdatest.github.io:443","tunnelID":"1467479","requestID":2}
{"level":"debug","time":"2024-06-17T15:12:16.633+0530","caller":"custom/setup.go:549","msg":"handling connect request for URL https://maxcdn.bootstrapcdn.com:443","tunnelID":"1467479","requestID":4}
{"level":"debug","time":"2024-06-17T15:12:16.633+0530","caller":"custom/setup.go:549","msg":"handling connect request for URL https://ajax.googleapis.com:443","tunnelID":"1467479","requestID":3}
{"level":"debug","time":"2024-06-17T15:12:19.015+0530","caller":"custom/setup.go:549","msg":"handling connect request for URL https://content-autofill.googleapis.com:443","tunnelID":"1467479","requestID":5}
{"level":"debug","time":"2024-06-17T15:12:21.464+0530","caller":"custom/setup.go:549","msg":"handling connect request for URL https://optimizationguide-pa.googleapis.com:443","tunnelID":"1467479","requestID":6}
{"level":"debug","time":"2024-06-17T15:12:23.877+0530","caller":"custom/setup.go:549","msg":"handling connect request for URL https://optimizationguide-pa.googleapis.com:443","tunnelID":"1467479","requestID":7}
{"level":"debug","time":"2024-06-17T15:12:26.108+0530","caller":"core/lifecycle.go:438","msg":"Context cancelled"}
{"level":"debug","time":"2024-06-17T15:12:26.108+0530","caller":"apiserver/setup.go:144","msg":"Shutting down the server"}
{"level":"debug","time":"2024-06-17T15:12:26.108+0530","caller":"custom/setup.go:849","msg":"Exiting the sink proxy","tunnelID":"1467479"}
{"level":"info","time":"2024-06-17T15:12:26.108+0530","caller":"core/lifecycle.go:440","msg":"Stopping tunnel"}
{"level":"debug","time":"2024-06-17T15:12:26.109+0530","caller":"ws/control.go:140","msg":"Unusual close error on control channel..."}
{"level":"debug","time":"2024-06-17T15:12:26.109+0530","caller":"ws/control.go:193","msg":"Write loop ended for control channel"}
